2023-09-09 15:20:33 [172.17.0.1][-][-][warning][yii\debug\Module::checkAccess] Access to debugger is denied due to IP address restriction. The requesting IP address is 172.17.0.1
2023-09-09 15:20:33 [172.17.0.1][-][-][warning][yii\debug\Module::checkAccess] Access to debugger is denied due to IP address restriction. The requesting IP address is 172.17.0.1
2023-09-09 15:20:33 [172.17.0.1][-][-][info][application] $_GET = [
    'url' => '[\"https://google.com/\", \"https://limit-project.ru/\", \"https://2ip.ru/\", \"https://fergt.com/\"]'
]

$_POST = []

$_FILES = []

$_COOKIE = []

$_SERVER = [
    'REDIRECT_STATUS' => '200'
    'HTTP_HOST' => 'api.testwork.local'
    'HTTP_USER_AGENT' => 'Mozilla/5.0 (X11; Linux x86_64; rv:109.0) Gecko/20100101 Firefox/117.0'
    'HTTP_ACCEPT' => 'text/html,application/xhtml+xml,application/xml;q=0.9,image/avif,image/webp,*/*;q=0.8'
    'HTTP_ACCEPT_LANGUAGE' => 'ru,en-US;q=0.7,en;q=0.3'
    'HTTP_ACCEPT_ENCODING' => 'gzip, deflate'
    'HTTP_CONNECTION' => 'keep-alive'
    'HTTP_UPGRADE_INSECURE_REQUESTS' => '1'
    'PATH' => '/usr/local/sbin:/usr/local/bin:/usr/sbin:/usr/bin:/sbin:/bin'
    'SERVER_SIGNATURE' => '<address>Apache/2.4.52 (Ubuntu) Server at api.testwork.local Port 80</address>
'
    'SERVER_SOFTWARE' => 'Apache/2.4.52 (Ubuntu)'
    'SERVER_NAME' => 'api.testwork.local'
    'SERVER_ADDR' => '172.17.0.2'
    'SERVER_PORT' => '80'
    'REMOTE_ADDR' => '172.17.0.1'
    'DOCUMENT_ROOT' => '/var/www/testwork/api/web/'
    'REQUEST_SCHEME' => 'http'
    'CONTEXT_PREFIX' => ''
    'CONTEXT_DOCUMENT_ROOT' => '/var/www/testwork/api/web/'
    'SERVER_ADMIN' => '[no address given]'
    'SCRIPT_FILENAME' => '/var/www/testwork/api/web/index.php'
    'REMOTE_PORT' => '49620'
    'REDIRECT_URL' => '/v1/check-status'
    'REDIRECT_QUERY_STRING' => 'url=[%22https://google.com/%22,%20%22https://limit-project.ru/%22,%20%22https://2ip.ru/%22,%20%22https://fergt.com/%22]'
    'GATEWAY_INTERFACE' => 'CGI/1.1'
    'SERVER_PROTOCOL' => 'HTTP/1.1'
    'REQUEST_METHOD' => 'GET'
    'QUERY_STRING' => 'url=[%22https://google.com/%22,%20%22https://limit-project.ru/%22,%20%22https://2ip.ru/%22,%20%22https://fergt.com/%22]'
    'REQUEST_URI' => '/v1/check-status?url=[%22https://google.com/%22,%20%22https://limit-project.ru/%22,%20%22https://2ip.ru/%22,%20%22https://fergt.com/%22]'
    'SCRIPT_NAME' => '/index.php'
    'PHP_SELF' => '/index.php'
    'REQUEST_TIME_FLOAT' => 1694272833.88
    'REQUEST_TIME' => 1694272833
]2023-09-09 15:20:44 [172.17.0.1][-][-][warning][yii\debug\Module::checkAccess] Access to debugger is denied due to IP address restriction. The requesting IP address is 172.17.0.1
2023-09-09 15:20:44 [172.17.0.1][-][-][warning][yii\debug\Module::checkAccess] Access to debugger is denied due to IP address restriction. The requesting IP address is 172.17.0.1
2023-09-09 15:20:44 [172.17.0.1][-][-][info][application] $_GET = []

$_POST = []

$_FILES = []

$_COOKIE = []

$_SERVER = [
    'REDIRECT_STATUS' => '200'
    'HTTP_HOST' => 'api.testwork.local'
    'HTTP_USER_AGENT' => 'Mozilla/5.0 (X11; Linux x86_64; rv:109.0) Gecko/20100101 Firefox/117.0'
    'HTTP_ACCEPT' => 'text/html,application/xhtml+xml,application/xml;q=0.9,image/avif,image/webp,*/*;q=0.8'
    'HTTP_ACCEPT_LANGUAGE' => 'ru,en-US;q=0.7,en;q=0.3'
    'HTTP_ACCEPT_ENCODING' => 'gzip, deflate'
    'HTTP_CONNECTION' => 'keep-alive'
    'HTTP_UPGRADE_INSECURE_REQUESTS' => '1'
    'PATH' => '/usr/local/sbin:/usr/local/bin:/usr/sbin:/usr/bin:/sbin:/bin'
    'SERVER_SIGNATURE' => '<address>Apache/2.4.52 (Ubuntu) Server at api.testwork.local Port 80</address>
'
    'SERVER_SOFTWARE' => 'Apache/2.4.52 (Ubuntu)'
    'SERVER_NAME' => 'api.testwork.local'
    'SERVER_ADDR' => '172.17.0.2'
    'SERVER_PORT' => '80'
    'REMOTE_ADDR' => '172.17.0.1'
    'DOCUMENT_ROOT' => '/var/www/testwork/api/web/'
    'REQUEST_SCHEME' => 'http'
    'CONTEXT_PREFIX' => ''
    'CONTEXT_DOCUMENT_ROOT' => '/var/www/testwork/api/web/'
    'SERVER_ADMIN' => '[no address given]'
    'SCRIPT_FILENAME' => '/var/www/testwork/api/web/index.php'
    'REMOTE_PORT' => '59668'
    'REDIRECT_URL' => '/v1/check-status'
    'GATEWAY_INTERFACE' => 'CGI/1.1'
    'SERVER_PROTOCOL' => 'HTTP/1.1'
    'REQUEST_METHOD' => 'GET'
    'QUERY_STRING' => ''
    'REQUEST_URI' => '/v1/check-status'
    'SCRIPT_NAME' => '/index.php'
    'PHP_SELF' => '/index.php'
    'REQUEST_TIME_FLOAT' => 1694272844.7251
    'REQUEST_TIME' => 1694272844
]2023-09-09 15:21:03 [172.17.0.1][-][-][warning][yii\debug\Module::checkAccess] Access to debugger is denied due to IP address restriction. The requesting IP address is 172.17.0.1
2023-09-09 15:21:03 [172.17.0.1][-][-][warning][yii\debug\Module::checkAccess] Access to debugger is denied due to IP address restriction. The requesting IP address is 172.17.0.1
2023-09-09 15:21:03 [172.17.0.1][-][-][info][application] $_GET = []

$_POST = []

$_FILES = []

$_COOKIE = []

$_SERVER = [
    'REDIRECT_STATUS' => '200'
    'HTTP_HOST' => 'api.testwork.local'
    'HTTP_USER_AGENT' => 'Mozilla/5.0 (X11; Linux x86_64; rv:109.0) Gecko/20100101 Firefox/117.0'
    'HTTP_ACCEPT' => 'text/html,application/xhtml+xml,application/xml;q=0.9,image/avif,image/webp,*/*;q=0.8'
    'HTTP_ACCEPT_LANGUAGE' => 'ru,en-US;q=0.7,en;q=0.3'
    'HTTP_ACCEPT_ENCODING' => 'gzip, deflate'
    'HTTP_CONNECTION' => 'keep-alive'
    'HTTP_UPGRADE_INSECURE_REQUESTS' => '1'
    'PATH' => '/usr/local/sbin:/usr/local/bin:/usr/sbin:/usr/bin:/sbin:/bin'
    'SERVER_SIGNATURE' => '<address>Apache/2.4.52 (Ubuntu) Server at api.testwork.local Port 80</address>
'
    'SERVER_SOFTWARE' => 'Apache/2.4.52 (Ubuntu)'
    'SERVER_NAME' => 'api.testwork.local'
    'SERVER_ADDR' => '172.17.0.2'
    'SERVER_PORT' => '80'
    'REMOTE_ADDR' => '172.17.0.1'
    'DOCUMENT_ROOT' => '/var/www/testwork/api/web/'
    'REQUEST_SCHEME' => 'http'
    'CONTEXT_PREFIX' => ''
    'CONTEXT_DOCUMENT_ROOT' => '/var/www/testwork/api/web/'
    'SERVER_ADMIN' => '[no address given]'
    'SCRIPT_FILENAME' => '/var/www/testwork/api/web/index.php'
    'REMOTE_PORT' => '46248'
    'REDIRECT_URL' => '/v1/check-status'
    'GATEWAY_INTERFACE' => 'CGI/1.1'
    'SERVER_PROTOCOL' => 'HTTP/1.1'
    'REQUEST_METHOD' => 'GET'
    'QUERY_STRING' => ''
    'REQUEST_URI' => '/v1/check-status'
    'SCRIPT_NAME' => '/index.php'
    'PHP_SELF' => '/index.php'
    'REQUEST_TIME_FLOAT' => 1694272862.9996
    'REQUEST_TIME' => 1694272862
]2023-09-09 15:21:03 [172.17.0.1][-][-][warning][yii\debug\Module::checkAccess] Access to debugger is denied due to IP address restriction. The requesting IP address is 172.17.0.1
2023-09-09 15:21:03 [172.17.0.1][-][-][warning][yii\debug\Module::checkAccess] Access to debugger is denied due to IP address restriction. The requesting IP address is 172.17.0.1
2023-09-09 15:21:03 [172.17.0.1][-][-][info][application] $_GET = []

$_POST = []

$_FILES = []

$_COOKIE = []

$_SERVER = [
    'REDIRECT_STATUS' => '200'
    'HTTP_HOST' => 'api.testwork.local'
    'HTTP_USER_AGENT' => 'Mozilla/5.0 (X11; Linux x86_64; rv:109.0) Gecko/20100101 Firefox/117.0'
    'HTTP_ACCEPT' => 'text/html,application/xhtml+xml,application/xml;q=0.9,image/avif,image/webp,*/*;q=0.8'
    'HTTP_ACCEPT_LANGUAGE' => 'ru,en-US;q=0.7,en;q=0.3'
    'HTTP_ACCEPT_ENCODING' => 'gzip, deflate'
    'HTTP_CONNECTION' => 'keep-alive'
    'HTTP_UPGRADE_INSECURE_REQUESTS' => '1'
    'PATH' => '/usr/local/sbin:/usr/local/bin:/usr/sbin:/usr/bin:/sbin:/bin'
    'SERVER_SIGNATURE' => '<address>Apache/2.4.52 (Ubuntu) Server at api.testwork.local Port 80</address>
'
    'SERVER_SOFTWARE' => 'Apache/2.4.52 (Ubuntu)'
    'SERVER_NAME' => 'api.testwork.local'
    'SERVER_ADDR' => '172.17.0.2'
    'SERVER_PORT' => '80'
    'REMOTE_ADDR' => '172.17.0.1'
    'DOCUMENT_ROOT' => '/var/www/testwork/api/web/'
    'REQUEST_SCHEME' => 'http'
    'CONTEXT_PREFIX' => ''
    'CONTEXT_DOCUMENT_ROOT' => '/var/www/testwork/api/web/'
    'SERVER_ADMIN' => '[no address given]'
    'SCRIPT_FILENAME' => '/var/www/testwork/api/web/index.php'
    'REMOTE_PORT' => '46248'
    'REDIRECT_URL' => '/v1/check-status'
    'GATEWAY_INTERFACE' => 'CGI/1.1'
    'SERVER_PROTOCOL' => 'HTTP/1.1'
    'REQUEST_METHOD' => 'GET'
    'QUERY_STRING' => ''
    'REQUEST_URI' => '/v1/check-status'
    'SCRIPT_NAME' => '/index.php'
    'PHP_SELF' => '/index.php'
    'REQUEST_TIME_FLOAT' => 1694272863.7514
    'REQUEST_TIME' => 1694272863
]2023-09-09 15:21:43 [172.17.0.1][-][-][warning][yii\debug\Module::checkAccess] Access to debugger is denied due to IP address restriction. The requesting IP address is 172.17.0.1
2023-09-09 15:21:43 [172.17.0.1][-][-][warning][yii\debug\Module::checkAccess] Access to debugger is denied due to IP address restriction. The requesting IP address is 172.17.0.1
2023-09-09 15:21:43 [172.17.0.1][-][-][info][application] $_GET = []

$_POST = []

$_FILES = []

$_COOKIE = []

$_SERVER = [
    'REDIRECT_STATUS' => '200'
    'HTTP_HOST' => 'api.testwork.local'
    'HTTP_USER_AGENT' => 'Mozilla/5.0 (X11; Linux x86_64; rv:109.0) Gecko/20100101 Firefox/117.0'
    'HTTP_ACCEPT' => 'text/html,application/xhtml+xml,application/xml;q=0.9,image/avif,image/webp,*/*;q=0.8'
    'HTTP_ACCEPT_LANGUAGE' => 'ru,en-US;q=0.7,en;q=0.3'
    'HTTP_ACCEPT_ENCODING' => 'gzip, deflate'
    'HTTP_CONNECTION' => 'keep-alive'
    'HTTP_UPGRADE_INSECURE_REQUESTS' => '1'
    'HTTP_PRAGMA' => 'no-cache'
    'HTTP_CACHE_CONTROL' => 'no-cache'
    'PATH' => '/usr/local/sbin:/usr/local/bin:/usr/sbin:/usr/bin:/sbin:/bin'
    'SERVER_SIGNATURE' => '<address>Apache/2.4.52 (Ubuntu) Server at api.testwork.local Port 80</address>
'
    'SERVER_SOFTWARE' => 'Apache/2.4.52 (Ubuntu)'
    'SERVER_NAME' => 'api.testwork.local'
    'SERVER_ADDR' => '172.17.0.2'
    'SERVER_PORT' => '80'
    'REMOTE_ADDR' => '172.17.0.1'
    'DOCUMENT_ROOT' => '/var/www/testwork/api/web/'
    'REQUEST_SCHEME' => 'http'
    'CONTEXT_PREFIX' => ''
    'CONTEXT_DOCUMENT_ROOT' => '/var/www/testwork/api/web/'
    'SERVER_ADMIN' => '[no address given]'
    'SCRIPT_FILENAME' => '/var/www/testwork/api/web/index.php'
    'REMOTE_PORT' => '36302'
    'REDIRECT_URL' => '/v1/check-status'
    'GATEWAY_INTERFACE' => 'CGI/1.1'
    'SERVER_PROTOCOL' => 'HTTP/1.1'
    'REQUEST_METHOD' => 'GET'
    'QUERY_STRING' => ''
    'REQUEST_URI' => '/v1/check-status'
    'SCRIPT_NAME' => '/index.php'
    'PHP_SELF' => '/index.php'
    'REQUEST_TIME_FLOAT' => 1694272903.7308
    'REQUEST_TIME' => 1694272903
]2023-09-09 15:21:44 [172.17.0.1][-][-][warning][yii\debug\Module::checkAccess] Access to debugger is denied due to IP address restriction. The requesting IP address is 172.17.0.1
2023-09-09 15:21:44 [172.17.0.1][-][-][warning][yii\debug\Module::checkAccess] Access to debugger is denied due to IP address restriction. The requesting IP address is 172.17.0.1
2023-09-09 15:21:44 [172.17.0.1][-][-][info][application] $_GET = []

$_POST = []

$_FILES = []

$_COOKIE = []

$_SERVER = [
    'REDIRECT_STATUS' => '200'
    'HTTP_HOST' => 'api.testwork.local'
    'HTTP_USER_AGENT' => 'Mozilla/5.0 (X11; Linux x86_64; rv:109.0) Gecko/20100101 Firefox/117.0'
    'HTTP_ACCEPT' => 'text/html,application/xhtml+xml,application/xml;q=0.9,image/avif,image/webp,*/*;q=0.8'
    'HTTP_ACCEPT_LANGUAGE' => 'ru,en-US;q=0.7,en;q=0.3'
    'HTTP_ACCEPT_ENCODING' => 'gzip, deflate'
    'HTTP_CONNECTION' => 'keep-alive'
    'HTTP_UPGRADE_INSECURE_REQUESTS' => '1'
    'HTTP_PRAGMA' => 'no-cache'
    'HTTP_CACHE_CONTROL' => 'no-cache'
    'PATH' => '/usr/local/sbin:/usr/local/bin:/usr/sbin:/usr/bin:/sbin:/bin'
    'SERVER_SIGNATURE' => '<address>Apache/2.4.52 (Ubuntu) Server at api.testwork.local Port 80</address>
'
    'SERVER_SOFTWARE' => 'Apache/2.4.52 (Ubuntu)'
    'SERVER_NAME' => 'api.testwork.local'
    'SERVER_ADDR' => '172.17.0.2'
    'SERVER_PORT' => '80'
    'REMOTE_ADDR' => '172.17.0.1'
    'DOCUMENT_ROOT' => '/var/www/testwork/api/web/'
    'REQUEST_SCHEME' => 'http'
    'CONTEXT_PREFIX' => ''
    'CONTEXT_DOCUMENT_ROOT' => '/var/www/testwork/api/web/'
    'SERVER_ADMIN' => '[no address given]'
    'SCRIPT_FILENAME' => '/var/www/testwork/api/web/index.php'
    'REMOTE_PORT' => '36316'
    'REDIRECT_URL' => '/v1/check-status'
    'GATEWAY_INTERFACE' => 'CGI/1.1'
    'SERVER_PROTOCOL' => 'HTTP/1.1'
    'REQUEST_METHOD' => 'GET'
    'QUERY_STRING' => ''
    'REQUEST_URI' => '/v1/check-status'
    'SCRIPT_NAME' => '/index.php'
    'PHP_SELF' => '/index.php'
    'REQUEST_TIME_FLOAT' => 1694272904.3002
    'REQUEST_TIME' => 1694272904
]2023-09-09 15:21:44 [172.17.0.1][-][-][warning][yii\debug\Module::checkAccess] Access to debugger is denied due to IP address restriction. The requesting IP address is 172.17.0.1
2023-09-09 15:21:44 [172.17.0.1][-][-][warning][yii\debug\Module::checkAccess] Access to debugger is denied due to IP address restriction. The requesting IP address is 172.17.0.1
2023-09-09 15:21:44 [172.17.0.1][-][-][info][application] $_GET = []

$_POST = []

$_FILES = []

$_COOKIE = []

$_SERVER = [
    'REDIRECT_STATUS' => '200'
    'HTTP_HOST' => 'api.testwork.local'
    'HTTP_USER_AGENT' => 'Mozilla/5.0 (X11; Linux x86_64; rv:109.0) Gecko/20100101 Firefox/117.0'
    'HTTP_ACCEPT' => 'text/html,application/xhtml+xml,application/xml;q=0.9,image/avif,image/webp,*/*;q=0.8'
    'HTTP_ACCEPT_LANGUAGE' => 'ru,en-US;q=0.7,en;q=0.3'
    'HTTP_ACCEPT_ENCODING' => 'gzip, deflate'
    'HTTP_CONNECTION' => 'keep-alive'
    'HTTP_UPGRADE_INSECURE_REQUESTS' => '1'
    'HTTP_PRAGMA' => 'no-cache'
    'HTTP_CACHE_CONTROL' => 'no-cache'
    'PATH' => '/usr/local/sbin:/usr/local/bin:/usr/sbin:/usr/bin:/sbin:/bin'
    'SERVER_SIGNATURE' => '<address>Apache/2.4.52 (Ubuntu) Server at api.testwork.local Port 80</address>
'
    'SERVER_SOFTWARE' => 'Apache/2.4.52 (Ubuntu)'
    'SERVER_NAME' => 'api.testwork.local'
    'SERVER_ADDR' => '172.17.0.2'
    'SERVER_PORT' => '80'
    'REMOTE_ADDR' => '172.17.0.1'
    'DOCUMENT_ROOT' => '/var/www/testwork/api/web/'
    'REQUEST_SCHEME' => 'http'
    'CONTEXT_PREFIX' => ''
    'CONTEXT_DOCUMENT_ROOT' => '/var/www/testwork/api/web/'
    'SERVER_ADMIN' => '[no address given]'
    'SCRIPT_FILENAME' => '/var/www/testwork/api/web/index.php'
    'REMOTE_PORT' => '36332'
    'REDIRECT_URL' => '/v1/check-status'
    'GATEWAY_INTERFACE' => 'CGI/1.1'
    'SERVER_PROTOCOL' => 'HTTP/1.1'
    'REQUEST_METHOD' => 'GET'
    'QUERY_STRING' => ''
    'REQUEST_URI' => '/v1/check-status'
    'SCRIPT_NAME' => '/index.php'
    'PHP_SELF' => '/index.php'
    'REQUEST_TIME_FLOAT' => 1694272904.6712
    'REQUEST_TIME' => 1694272904
]